# JRE version: Java(TM) SE Runtime Environment (7.0_67-b01) (build 1.7.0_67-b01)
# Java VM: Java HotSpot(TM) 64-Bit Server VM (24.65-b04 mixed mode linux-amd64 compressed oops)
Heap
 PSYoungGen      total 313856K, used 0K [0x00000000eaa80000, 0x0000000100000000, 0x0000000100000000)
  eden space 297472K, 0% used [0x00000000eaa80000,0x00000000eaa80000,0x00000000fcd00000)
  from space 16384K, 0% used [0x00000000ff000000,0x00000000ff000000,0x0000000100000000)
  to   space 26112K, 0% used [0x00000000fcd00000,0x00000000fcd00000,0x00000000fe680000)
 ParOldGen       total 84992K, used 47469K [0x00000000c0000000, 0x00000000c5300000, 0x00000000eaa80000)
  object space 84992K, 55% used [0x00000000c0000000,0x00000000c2e5b5a0,0x00000000c5300000)
 PSPermGen       total 21504K, used 6944K [0x00000000bae00000, 0x00000000bc300000, 0x00000000c0000000)
  object space 21504K, 32% used [0x00000000bae00000,0x00000000bb4c80d8,0x00000000bc300000)
GC Heap History (10 events):
Event: 3.787 GC heap after
Heap after GC invocations=8 (full 0):
 PSYoungGen      total 271360K, used 8914K [0x00000000eaa80000, 0x00000000fc280000, 0x0000000100000000)
  eden space 256000K, 0% used [0x00000000eaa80000,0x00000000eaa80000,0x00000000fa480000)
  from space 15360K, 58% used [0x00000000fb380000,0x00000000fbc34a48,0x00000000fc280000)
  to   space 15360K, 0% used [0x00000000fa480000,0x00000000fa480000,0x00000000fb380000)
 ParOldGen       total 84992K, used 40742K [0x00000000c0000000, 0x00000000c5300000, 0x00000000eaa80000)
  object space 84992K, 47% used [0x00000000c0000000,0x00000000c27c9878,0x00000000c5300000)
 PSPermGen       total 21504K, used 6938K [0x00000000bae00000, 0x00000000bc300000, 0x00000000c0000000)
  object space 21504K, 32% used [0x00000000bae00000,0x00000000bb4c68b8,0x00000000bc300000)
}
Event: 4.185 GC heap before
{Heap before GC invocations=9 (full 0):
 PSYoungGen      total 271360K, used 264914K [0x00000000eaa80000, 0x00000000fc280000, 0x0000000100000000)
  eden space 256000K, 100% used [0x00000000eaa80000,0x00000000fa480000,0x00000000fa480000)
  from space 15360K, 58% used [0x00000000fb380000,0x00000000fbc34a48,0x00000000fc280000)
  to   space 15360K, 0% used [0x00000000fa480000,0x00000000fa480000,0x00000000fb380000)
 ParOldGen       total 84992K, used 40742K [0x00000000c0000000, 0x00000000c5300000, 0x00000000eaa80000)
  object space 84992K, 47% used [0x00000000c0000000,0x00000000c27c9878,0x00000000c5300000)
 PSPermGen       total 21504K, used 6941K [0x00000000bae00000, 0x00000000bc300000, 0x00000000c0000000)
  object space 21504K, 32% used [0x00000000bae00000,0x00000000bb4c74b8,0x00000000bc300000)
Event: 4.188 GC heap after
Heap after GC invocations=9 (full 0):
 PSYoungGen      total 271360K, used 14929K [0x00000000eaa80000, 0x0000000100000000, 0x0000000100000000)
  eden space 256000K, 0% used [0x00000000eaa80000,0x00000000eaa80000,0x00000000fa480000)
  from space 15360K, 97% used [0x00000000fa480000,0x00000000fb314650,0x00000000fb380000)
  to   space 16384K, 0% used [0x00000000ff000000,0x00000000ff000000,0x0000000100000000)
 ParOldGen       total 84992K, used 40854K [0x00000000c0000000, 0x00000000c5300000, 0x00000000eaa80000)
  object space 84992K, 48% used [0x00000000c0000000,0x00000000c27e5898,0x00000000c5300000)
 PSPermGen       total 21504K, used 6941K [0x00000000bae00000, 0x00000000bc300000, 0x00000000c0000000)
  object space 21504K, 32% used [0x00000000bae00000,0x00000000bb4c74b8,0x00000000bc300000)
}
Event: 5.564 GC heap before
{Heap before GC invocations=10 (full 0):
 PSYoungGen      total 271360K, used 270929K [0x00000000eaa80000, 0x0000000100000000, 0x0000000100000000)
  eden space 256000K, 100% used [0x00000000eaa80000,0x00000000fa480000,0x00000000fa480000)
  from space 15360K, 97% used [0x00000000fa480000,0x00000000fb314650,0x00000000fb380000)
  to   space 16384K, 0% used [0x00000000ff000000,0x00000000ff000000,0x0000000100000000)
 ParOldGen       total 84992K, used 40854K [0x00000000c0000000, 0x00000000c5300000, 0x00000000eaa80000)
  object space 84992K, 48% used [0x00000000c0000000,0x00000000c27e5898,0x00000000c5300000)
 PSPermGen       total 21504K, used 6942K [0x00000000bae00000, 0x00000000bc300000, 0x00000000c0000000)
  object space 21504K, 32% used [0x00000000bae00000,0x00000000bb4c79f8,0x00000000bc300000)
Event: 5.576 GC heap after
Heap after GC invocations=10 (full 0):
 PSYoungGen      total 333312K, used 12817K [0x00000000eaa80000, 0x0000000100000000, 0x0000000100000000)
  eden space 316928K, 0% used [0x00000000eaa80000,0x00000000eaa80000,0x00000000fe000000)
  from space 16384K, 78% used [0x00000000ff000000,0x00000000ffc844e0,0x0000000100000000)
  to   space 16384K, 0% used [0x00000000fe000000,0x00000000fe000000,0x00000000ff000000)
 ParOldGen       total 84992K, used 53225K [0x00000000c0000000, 0x00000000c5300000, 0x00000000eaa80000)
  object space 84992K, 62% used [0x00000000c0000000,0x00000000c33fa658,0x00000000c5300000)
 PSPermGen       total 21504K, used 6942K [0x00000000bae00000, 0x00000000bc300000, 0x00000000c0000000)
  object space 21504K, 32% used [0x00000000bae00000,0x00000000bb4c79f8,0x00000000bc300000)
}
Event: 6.073 GC heap before
{Heap before GC invocations=11 (full 0):
 PSYoungGen      total 333312K, used 329745K [0x00000000eaa80000, 0x0000000100000000, 0x0000000100000000)
  eden space 316928K, 100% used [0x00000000eaa80000,0x00000000fe000000,0x00000000fe000000)
  from space 16384K, 78% used [0x00000000ff000000,0x00000000ffc844e0,0x0000000100000000)
  to   space 16384K, 0% used [0x00000000fe000000,0x00000000fe000000,0x00000000ff000000)
 ParOldGen       total 84992K, used 53225K [0x00000000c0000000, 0x00000000c5300000, 0x00000000eaa80000)
  object space 84992K, 62% used [0x00000000c0000000,0x00000000c33fa658,0x00000000c5300000)
 PSPermGen       total 21504K, used 6944K [0x00000000bae00000, 0x00000000bc300000, 0x00000000c0000000)
  object space 21504K, 32% used [0x00000000bae00000,0x00000000bb4c8350,0x00000000bc300000)
Event: 6.080 GC heap after
Heap after GC invocations=11 (full 0):
 PSYoungGen      total 333312K, used 12191K [0x00000000eaa80000, 0x0000000100000000, 0x0000000100000000)
  eden space 316928K, 0% used [0x00000000eaa80000,0x00000000eaa80000,0x00000000fe000000)
  from space 16384K, 74% used [0x00000000fe000000,0x00000000febe7ef8,0x00000000ff000000)
  to   space 16384K, 0% used [0x00000000ff000000,0x00000000ff000000,0x0000000100000000)
 ParOldGen       total 84992K, used 53233K [0x00000000c0000000, 0x00000000c5300000, 0x00000000eaa80000)
  object space 84992K, 62% used [0x00000000c0000000,0x00000000c33fc658,0x00000000c5300000)
 PSPermGen       total 21504K, used 6944K [0x00000000bae00000, 0x00000000bc300000, 0x00000000c0000000)
  object space 21504K, 32% used [0x00000000bae00000,0x00000000bb4c8350,0x00000000bc300000)
}
Event: 16.668 GC heap before
{Heap before GC invocations=12 (full 0):
 PSYoungGen      total 333312K, used 329119K [0x00000000eaa80000, 0x0000000100000000, 0x0000000100000000)
  eden space 316928K, 100% used [0x00000000eaa80000,0x00000000fe000000,0x00000000fe000000)
  from space 16384K, 74% used [0x00000000fe000000,0x00000000febe7ef8,0x00000000ff000000)
  to   space 16384K, 0% used [0x00000000ff000000,0x00000000ff000000,0x0000000100000000)
 ParOldGen       total 84992K, used 53233K [0x00000000c0000000, 0x00000000c5300000, 0x00000000eaa80000)
  object space 84992K, 62% used [0x00000000c0000000,0x00000000c33fc658,0x00000000c5300000)
 PSPermGen       total 21504K, used 6947K [0x00000000bae00000, 0x00000000bc300000, 0x00000000c0000000)
  object space 21504K, 32% used [0x00000000bae00000,0x00000000bb4c8ed0,0x00000000bc300000)
Event: 34.437 GC heap after
Heap after GC invocations=12 (full 0):
 PSYoungGen      total 313856K, used 16367K [0x00000000eaa80000, 0x0000000100000000, 0x0000000100000000)
  eden space 297472K, 0% used [0x00000000eaa80000,0x00000000eaa80000,0x00000000fcd00000)
  from space 16384K, 99% used [0x00000000ff000000,0x00000000ffffbda0,0x0000000100000000)
  to   space 26112K, 0% used [0x00000000fcd00000,0x00000000fcd00000,0x00000000fe680000)
 ParOldGen       total 84992K, used 76616K [0x00000000c0000000, 0x00000000c5300000, 0x00000000eaa80000)
  object space 84992K, 90% used [0x00000000c0000000,0x00000000c4ad2228,0x00000000c5300000)
 PSPermGen       total 21504K, used 6947K [0x00000000bae00000, 0x00000000bc300000, 0x00000000c0000000)
  object space 21504K, 32% used [0x00000000bae00000,0x00000000bb4c8ed0,0x00000000bc300000)
}
Event: 34.452 GC heap before
{Heap before GC invocations=13 (full 1):
 PSYoungGen      total 313856K, used 16367K [0x00000000eaa80000, 0x0000000100000000, 0x0000000100000000)
  eden space 297472K, 0% used [0x00000000eaa80000,0x00000000eaa80000,0x00000000fcd00000)
  from space 16384K, 99% used [0x00000000ff000000,0x00000000ffffbda0,0x0000000100000000)
  to   space 26112K, 0% used [0x00000000fcd00000,0x00000000fcd00000,0x00000000fe680000)
 ParOldGen       total 84992K, used 76616K [0x00000000c0000000, 0x00000000c5300000, 0x00000000eaa80000)
  object space 84992K, 90% used [0x00000000c0000000,0x00000000c4ad2228,0x00000000c5300000)
 PSPermGen       total 21504K, used 6947K [0x00000000bae00000, 0x00000000bc300000, 0x00000000c0000000)
  object space 21504K, 32% used [0x00000000bae00000,0x00000000bb4c8ed0,0x00000000bc300000)

